 Summary photon data: medium = AL         file= uc_examin                     
                                                           01:02:15 Aug  4 2006
 ===============================================================================

 Electron kinetic energy range:          0.001      10.101 MeV
 Photon energy range:                    0.001      10.001 meV

 Radiation length =                    8.886410 cm
 density =                             2.702000 g/cm**3


 Photon en  gmfp             photoelec  compton    pair              total
            (cm) (Rayleigh)                                cm**2/g    cm**-1
   
 .100E-02 .312E-03 0.0019    0.99808   0.00001   0.00000   1.185E+03  3.202E+03
 .125E-02 .566E-03 0.0033    0.99670   0.00003   0.00000   6.536E+02  1.766E+03
 .150E-02 .920E-03 0.0051    0.99487   0.00006   0.00000   4.022E+02  1.087E+03
 .175E-02 .121E-03 0.0006    0.99936   0.00001   0.00000   3.055E+03  8.253E+03
 .200E-02 .164E-03 0.0008    0.99917   0.00001   0.00000   2.263E+03  6.114E+03
 .250E-02 .292E-03 0.0013    0.99866   0.00003   0.00000   1.266E+03  3.421E+03
 .300E-02 .470E-03 0.0019    0.99801   0.00006   0.00000   7.880E+02  2.129E+03
 .350E-02 .714E-03 0.0027    0.99720   0.00010   0.00000   5.182E+02  1.400E+03
 .400E-02 .103E-02 0.0036    0.99624   0.00016   0.00000   3.605E+02  9.740E+02
 .450E-02 .143E-02 0.0046    0.99514   0.00024   0.00000   2.595E+02  7.010E+02
 .500E-02 .191E-02 0.0058    0.99388   0.00035   0.00000   1.934E+02  5.225E+02
 .550E-02 .251E-02 0.0070    0.99250   0.00049   0.00000   1.475E+02  3.987E+02
 .600E-02 .321E-02 0.0084    0.99097   0.00067   0.00000   1.153E+02  3.115E+02
 .700E-02 .501E-02 0.0112    0.98767   0.00115   0.00000   7.389E+01  1.997E+02
 .800E-02 .736E-02 0.0144    0.98379   0.00185   0.00000   5.032E+01  1.360E+02
 .900E-02 .104E-01 0.0176    0.97963   0.00279   0.00000   3.564E+01  9.631E+01
   
 .100E-01 .141E-01 0.0210    0.97494   0.00404   0.00000   2.621E+01  7.082E+01
 .125E-01 .273E-01 0.0298    0.96156   0.00861   0.00000   1.355E+01  3.661E+01
 .150E-01 .465E-01 0.0394    0.94468   0.01590   0.00000   7.954E+00  2.149E+01
 .175E-01 .732E-01 0.0493    0.92456   0.02612   0.00000   5.057E+00  1.366E+01
 .200E-01 .108E+00 0.0594    0.90073   0.03983   0.00000   3.441E+00  9.299E+00
 .250E-01 .202E+00 0.0793    0.84304   0.07768   0.00000   1.830E+00  4.944E+00
 .300E-01 .328E+00 0.0971    0.77312   0.12979   0.00000   1.128E+00  3.048E+00
 .350E-01 .482E+00 0.1109    0.69641   0.19266   0.00000   7.683E-01  2.076E+00
 .400E-01 .651E+00 0.1207    0.61649   0.26286   0.00000   5.684E-01  1.536E+00
 .450E-01 .830E+00 0.1256    0.53920   0.33516   0.00000   4.461E-01  1.205E+00
 .500E-01 .101E+01 0.1271    0.46661   0.40632   0.00000   3.681E-01  9.946E-01
 .550E-01 .118E+01 0.1255    0.40164   0.47290   0.00000   3.149E-01  8.509E-01
 .600E-01 .133E+01 0.1219    0.34428   0.53384   0.00000   2.778E-01  7.506E-01
 .700E-01 .161E+01 0.1113    0.25333   0.63535   0.00000   2.297E-01  6.206E-01
 .800E-01 .183E+01 0.0993    0.18751   0.71314   0.00000   2.018E-01  5.452E-01
 .900E-01 .202E+01 0.0879    0.14121   0.77087   0.00000   1.831E-01  4.949E-01
   
 .100E+00 .217E+01 0.0777    0.10800   0.81434   0.00000   1.704E-01  4.604E-01
 .125E+00 .247E+01 0.0579    0.05999   0.88215   0.00000   1.497E-01  4.044E-01
 .150E+00 .269E+01 0.0444    0.03623   0.91936   0.00000   1.378E-01  3.724E-01
 .175E+00 .287E+01 0.0352    0.02373   0.94105   0.00000   1.289E-01  3.483E-01
 .200E+00 .303E+01 0.0287    0.01637   0.95497   0.00000   1.223E-01  3.305E-01
 .250E+00 .331E+01 0.0202    0.00902   0.97075   0.00000   1.117E-01  3.018E-01
 .300E+00 .355E+01 0.0152    0.00552   0.97933   0.00000   1.042E-01  2.816E-01
 .350E+00 .378E+01 0.0119    0.00374   0.98436   0.00000   9.786E-02  2.644E-01
 .400E+00 .399E+01 0.0096    0.00268   0.98769   0.00000   9.276E-02  2.506E-01
 .450E+00 .419E+01 0.0080    0.00204   0.98996   0.00000   8.827E-02  2.385E-01
 .500E+00 .438E+01 0.0068    0.00159   0.99162   0.00000   8.446E-02  2.282E-01
 .550E+00 .457E+01 0.0059    0.00129   0.99285   0.00000   8.102E-02  2.189E-01
 .600E+00 .474E+01 0.0051    0.00108   0.99381   0.00000   7.801E-02  2.108E-01
 .700E+00 .509E+01 0.0040    0.00080   0.99517   0.00000   7.270E-02  1.964E-01
 .800E+00 .541E+01 0.0033    0.00062   0.99610   0.00000   6.841E-02  1.849E-01
 .900E+00 .572E+01 0.0027    0.00051   0.99674   0.00000   6.465E-02  1.747E-01
   
 .100E+01 .602E+01 0.0023    0.00015   0.99750   0.00000   6.144E-02  1.660E-01
 .125E+01 .675E+01 0.0017    0.00000   0.99669   0.00163   5.486E-02  1.482E-01
 .150E+01 .739E+01 0.0013    0.00000   0.99525   0.00347   5.005E-02  1.352E-01
 .175E+01 .800E+01 0.0010    0.00000   0.98945   0.00953   4.625E-02  1.250E-01
 .200E+01 .857E+01 0.0003    0.00000   0.98404   0.01568   4.320E-02  1.167E-01
 .250E+01 .958E+01 0.0000    0.00000   0.96465   0.03535   3.863E-02  1.044E-01
 .300E+01 .105E+02 0.0000    0.00000   0.94539   0.05461   3.539E-02  9.561E-02
 .350E+01 .112E+02 0.0000    0.00000   0.92157   0.07843   3.294E-02  8.900E-02
 .400E+01 .119E+02 0.0000    0.00000   0.89853   0.10147   3.105E-02  8.389E-02
 .450E+01 .125E+02 0.0000    0.00000   0.87380   0.12620   2.956E-02  7.986E-02
 .500E+01 .131E+02 0.0000    0.00000   0.85010   0.14990   2.835E-02  7.661E-02
 .550E+01 .135E+02 0.0000    0.00000   0.82571   0.17429   2.737E-02  7.395E-02
 .600E+01 .139E+02 0.0000    0.00000   0.80240   0.19760   2.655E-02  7.174E-02
 .700E+01 .146E+02 0.0000    0.00000   0.75664   0.24336   2.528E-02  6.831E-02
 .800E+01 .152E+02 0.0000    0.00000   0.71518   0.28482   2.437E-02  6.584E-02
 .900E+01 .156E+02 0.0000    0.00000   0.67589   0.32411   2.369E-02  6.401E-02
   
 .100E+02 .160E+02 0.0000    0.00000   0.64027   0.35973   2.318E-02  6.263E-02
 .100E+02 .160E+02 0.0000    0.00000   0.64024   0.35976   2.318E-02  6.263E-02




 Summary electron data: medium=AL         file:uc_examin                     
                                                           01:02:15 Aug  4 2006
 ===============================================================================

 Electron kinetic energy range:          0.001      10.101 MeV
 Photon energy range:                    0.001      10.001 MeV

 Radiation length =                    8.886410 cm
 density =                             2.702000 g/cm**3
 200.*teffo =                          0.186513 cm

 ICRU radiative stopping
 Standard PEGS4 density effect for collision stopping
 Standard PEGS4 data set (restricted collision + radiative (IUNRST=0))



 Kin En     e(-),     e(+) dE/dX     e(-),   e(+) mean free path (brem fraction)
    MeV         MeV/(g/cm**2)                          cm
   
 .100E-02   73.8048      94.1143    8.820E+01  1.00000    2.839E-01  0.00360 
 .125E-02   65.8820      78.8122    4.986E-01  1.00000    1.242E-04  0.00025 
 .150E-02   59.5494      68.0234    3.091E-01  1.00000    8.891E-05  0.00029 
 .175E-02   54.4176      60.0065    2.491E-01  1.00000    8.049E-05  0.00032 
 .200E-02   50.1797      53.7968    2.210E-01  1.00000    7.874E-05  0.00036 
 .250E-02   42.1476      44.8024    2.866E-04  0.00147    8.198E-05  0.00042 
 .300E-02   36.6022      38.5397    2.174E-04  0.00116    8.844E-05  0.00047 
 .350E-02   32.4538      33.9077    2.009E-04  0.00108    9.620E-05  0.00052 
 .400E-02   29.2159      30.3419    1.977E-04  0.00106    1.046E-04  0.00056 
 .450E-02   26.6104      27.5063    1.997E-04  0.00106    1.134E-04  0.00060 
 .500E-02   24.4666      25.1955    2.043E-04  0.00106    1.223E-04  0.00064 
 .550E-02   22.6586      23.2614    2.103E-04  0.00107    1.314E-04  0.00067 
 .600E-02   21.1252      21.6326    2.173E-04  0.00108    1.406E-04  0.00070 
 .700E-02   18.6348      19.0071    2.327E-04  0.00111    1.591E-04  0.00076 
 .800E-02   16.7116      16.9962    2.494E-04  0.00114    1.778E-04  0.00081 
 .900E-02   15.1733      15.3977    2.667E-04  0.00116    1.964E-04  0.00086 
   
 .100E-01   13.9197      14.1010    2.843E-04  0.00119    2.149E-04  0.00090 
 .125E-01   11.5845      11.6995    3.289E-04  0.00125    2.612E-04  0.00099 
 .150E-01    9.9698      10.0489    3.736E-04  0.00130    3.071E-04  0.00107 
 .175E-01    8.7858       8.8434    4.180E-04  0.00134    3.523E-04  0.00113 
 .200E-01    7.8754       7.9190    4.619E-04  0.00138    3.970E-04  0.00119 
 .250E-01    6.5671       6.5944    5.479E-04  0.00146    4.847E-04  0.00129 
 .300E-01    5.6690       5.6876    6.317E-04  0.00152    5.702E-04  0.00137 
 .350E-01    5.0138       5.0271    7.129E-04  0.00157    6.532E-04  0.00144 
 .400E-01    4.5125       4.5224    7.920E-04  0.00161    7.341E-04  0.00150 
 .450E-01    4.1171       4.1248    8.687E-04  0.00166    8.127E-04  0.00155 
 .500E-01    3.7965       3.8025    9.434E-04  0.00169    8.893E-04  0.00160 
 .550E-01    3.5309       3.5357    1.016E-03  0.00173    9.640E-04  0.00164 
 .600E-01    3.3079       3.3119    1.087E-03  0.00176    1.037E-03  0.00168 
 .700E-01    2.9532       2.9560    1.222E-03  0.00182    1.176E-03  0.00175 
 .800E-01    2.6833       2.6853    1.351E-03  0.00187    1.309E-03  0.00181 
 .900E-01    2.4716       2.4730    1.473E-03  0.00192    1.434E-03  0.00187 
   
 .100E+00    2.3006       2.3017    1.589E-03  0.00197    1.554E-03  0.00192 
 .125E+00    1.9893       1.9898    1.855E-03  0.00206    1.828E-03  0.00203 
 .150E+00    1.7803       1.7805    2.090E-03  0.00214    2.071E-03  0.00212 
 .175E+00    1.6304       1.6305    2.300E-03  0.00222    2.288E-03  0.00221 
 .200E+00    1.5179       1.5179    2.488E-03  0.00229    2.481E-03  0.00228 
 .250E+00    1.3608       1.3607    2.810E-03  0.00240    2.812E-03  0.00241 
 .300E+00    1.2578       1.2577    3.072E-03  0.00251    3.081E-03  0.00252 
 .350E+00    1.1858       1.1857    3.290E-03  0.00262    3.304E-03  0.00263 
 .400E+00    1.1332       1.1331    3.472E-03  0.00271    3.491E-03  0.00272 
 .450E+00    1.0946       1.0945    3.627E-03  0.00279    3.649E-03  0.00281 
 .500E+00    1.0648       1.0647    3.760E-03  0.00288    3.784E-03  0.00289 
 .550E+00    1.0414       1.0413    3.873E-03  0.00295    3.899E-03  0.00297 
 .600E+00    1.0225       1.0223    3.973E-03  0.00303    3.999E-03  0.00305 
 .700E+00    0.9947       0.9945    4.134E-03  0.00317    4.162E-03  0.00319 
 .800E+00    0.9756       0.9754    4.260E-03  0.00329    4.288E-03  0.00332 
 .900E+00    0.9621       0.9620    4.360E-03  0.00341    4.388E-03  0.00343 
   
 .100E+01    0.9525       0.9524    4.441E-03  0.00352    4.469E-03  0.00354 
 .125E+01    0.9388       0.9388    4.585E-03  0.00376    4.612E-03  0.00378 
 .150E+01    0.9330       0.9330    4.679E-03  0.00396    4.704E-03  0.00398 
 .175E+01    0.9311       0.9310    4.743E-03  0.00414    4.767E-03  0.00416 
 .200E+01    0.9312       0.9311    4.789E-03  0.00430    4.811E-03  0.00432 
 .250E+01    0.9343       0.9342    4.848E-03  0.00456    4.868E-03  0.00458 
 .300E+01    0.9387       0.9386    4.883E-03  0.00477    4.901E-03  0.00479 
 .350E+01    0.9433       0.9432    4.906E-03  0.00495    4.922E-03  0.00497 
 .400E+01    0.9477       0.9477    4.922E-03  0.00510    4.936E-03  0.00512 
 .450E+01    0.9518       0.9518    4.933E-03  0.00523    4.946E-03  0.00525 
 .500E+01    0.9556       0.9556    4.941E-03  0.00535    4.953E-03  0.00536 
 .550E+01    0.9591       0.9591    4.947E-03  0.00545    4.958E-03  0.00546 
 .600E+01    0.9623       0.9622    4.951E-03  0.00555    4.962E-03  0.00556 
 .700E+01    0.9678       0.9677    4.958E-03  0.00571    4.967E-03  0.00572 
 .800E+01    0.9724       0.9724    4.962E-03  0.00585    4.971E-03  0.00586 
 .900E+01    0.9763       0.9763    4.965E-03  0.00597    4.973E-03  0.00598 
   
 .100E+02    0.9797       0.9797    4.967E-03  0.00607    4.974E-03  0.00608 
 .101E+02    0.9801       0.9800    4.967E-03  0.00608    4.974E-03  0.00609 
