 PEGS5-call comes next


 inseed=           1      (seed for generating unique sequences of Ranlux)
 ranlux luxury level set by rluxgo : 1     p=  48
 ranlux initialized by rluxgo from seed           1

 Start ucbend
 Call hatch to get cross-section data

 HATCH-call comes next

 RAYLEIGH DATA AVAILABLE FOR MEDIUM  3 BUT OPTION NOT REQUESTED.

 RAYLEIGH DATA AVAILABLE FOR MEDIUM  1 BUT OPTION NOT REQUESTED.

 RAYLEIGH DATA AVAILABLE FOR MEDIUM  2 BUT OPTION NOT REQUESTED.

 EGS SUCCESSFULLY 'HATCHED' FOR     3 MEDIA.
 Quantities associated with each media:


 CU                      
      Rho=   8.933300     g/cm**3     rlc=   1.439740     cm
      AE=  0.5210000     MeV    UE=   9.012000     MeV
      AP=  0.1000000E-01 MeV    UP=   8.500000     MeV

 PB                      
      Rho=   11.34000     g/cm**3     rlc=  0.5616730     cm
      AE=  0.5210000     MeV    UE=   9.012000     MeV
      AP=  0.1000000E-01 MeV    UP=   8.500000     MeV

 AIR AT NTP              
      Rho=  0.1205000E-02 g/cm**3     rlc=   30550.40     cm
      AE=  0.5210000     MeV    UE=   9.012000     MeV
      AP=  0.1000000E-01 MeV    UP=   8.500000     MeV
 Ppcoord and pnorm values for each j-plane (i=1,3):

    1         0.             0.             0.             0.             0.       1.000000    
    2         0.             0.      0.3810000E-01         0.             0.       1.000000    
    3         0.             0.       10.83810             0.             0.       1.000000    
    4         0.             0.       20.88810             0.             0.       1.000000    
    5         0.             0.       22.38810             0.             0.       1.000000    
    6         0.             0.       32.43810             0.             0.       1.000000    
    7   10.80000             0.             0.       1.000000             0.             0.    
    8   21.60000             0.             0.       1.000000             0.             0.    
    9   26.68000             0.             0.       1.000000             0.             0.    
   10   28.68000             0.             0.       1.000000             0.             0.    
   11  -10.80000             0.             0.       1.000000             0.             0.    
   9.010999             0.             0.             0.             0.             0.       1.000000       -1    2   -1
   9.010999             0.             0.             0.             0.             0.       1.000000       -1    2    0
   9.010570             0.             0.      0.4949404E-04 -0.1456930E-02  0.3708903E-02  0.9999921       -1    2    0
   9.009857     -0.1197631E-06  0.3048808E-06  0.1316958E-03  0.1360338E-02  0.1219187E-01  0.9999248       -1    2    0
   9.008217      0.1374876E-06  0.2610460E-05  0.3207895E-03  0.1190362E-01  0.8775294E-02  0.9998906       -1    2    0
   9.007564      0.1033537E-05  0.3271023E-05  0.3960566E-03  0.1566861E-01  0.9741635E-02  0.9998298       -1    2    0
  0.6939246      0.7620010E-05  0.7366028E-05  0.8163462E-03  0.7611298      0.5140278      0.3955463       -1    2    0
  0.6933284      0.3846259E-04  0.2819551E-04  0.8323745E-03  0.9094896      0.3981461      0.1196177       -1    2    0
  0.6876397      0.3901060E-03  0.1821340E-03  0.8786233E-03  0.9094896      0.3981461      0.1196177       -1    2    0
  0.6817593      0.7389535E-03  0.3348486E-03  0.9245043E-03  0.8924485     -0.4180089      0.1697181       -1    2    0
  0.6805371      0.8101029E-03  0.3015233E-03  0.9380349E-03  0.8924485     -0.4180089      0.1697181       -1    2    0
  0.6790324      0.8940716E-03  0.2621937E-03  0.9540033E-03  0.6692247     -0.6791966      0.3013807       -1    2    0
  0.6730072      0.1146205E-02  0.6303680E-05  0.1067550E-02 -0.3037302     -0.9514014      0.5082592E-01   -1    2    0
  0.6643789      0.9823340E-03 -0.5070032E-03  0.1094972E-02  0.3962454E-01 -0.9881564     -0.1482461       -1    2    0
  0.6594319      0.9945915E-03 -0.8126807E-03  0.1049113E-02  0.3962454E-01 -0.9881564     -0.1482461       -1    2    0
  0.6593119      0.9948759E-03 -0.8197738E-03  0.1048049E-02  0.6890401     -0.7044741     -0.1701177       -1    2    0
  0.6538376      0.1220656E-02 -0.1050611E-02  0.9923058E-03  0.5723543     -0.4798683     -0.6649337       -1    2    0
  0.6506904      0.1328477E-02 -0.1141010E-02  0.8670447E-03  0.5723543     -0.4798683     -0.6649337       -1    2    0
  0.6503615      0.1339253E-02 -0.1150044E-02  0.8545256E-03  0.6030154     -0.3780105     -0.7024817       -1    2    0
  0.6447719      0.1532184E-02 -0.1270986E-02  0.6297715E-03  0.6030154     -0.3780105     -0.7024817       -1    2    0
  0.6432405      0.1582669E-02 -0.1302634E-02  0.5709588E-03  0.2948502      0.4297007     -0.8534757       -1    2    0
  0.6428514      0.1588942E-02 -0.1293492E-02  0.5528020E-03  0.1083174     -0.4544590     -0.8841574       -1    2    0
  0.6370044      0.1623566E-02 -0.1438764E-02  0.2701731E-03  0.8089164      0.7604024E-01 -0.5829856       -1    2    0
  0.6330223      0.1799670E-02 -0.1422210E-02  0.1432550E-03  0.4055121     -0.2258628     -0.8857460       -1    2    0
  0.6300640      0.1865255E-02 -0.1458740E-02         0.      0.4055121     -0.2258628     -0.8857460       -1    1    3
   8.820993      0.7620010E-05  0.7366028E-05  0.8163462E-03 -0.2458316E-01 -0.1745981E-01  0.9995453       -1    2    0
   8.817049     -0.3570445E-05 -0.5818197E-06  0.1271347E-02 -0.6613858E-01 -0.3461301E-01  0.9972099       -1    2    0
   8.725775     -0.7002944E-03 -0.3652058E-03  0.1177626E-01 -0.6613858E-01 -0.3461301E-01  0.9972099       -1    2    0
   8.709437     -0.8252645E-03 -0.4306078E-03  0.1366051E-01 -0.4145400E-01 -0.5772407E-01  0.9974716       -1    2    0
  0.5227313     -0.9607475E-03 -0.6192658E-03  0.1692052E-01 -0.3352532      0.9295967      0.1531508       -1    2    0
  0.5223203     -0.9620555E-03 -0.6156390E-03  0.1692112E-01 -0.3352532      0.9295967      0.1531508       -1    2    0
  0.5222907     -0.9621444E-03 -0.6153925E-03  0.1692116E-01  0.1867562      0.7348941      0.6519608       -1    2    0
  0.5219702     -0.9616076E-03 -0.6132801E-03  0.1692303E-01  0.4328588      0.8711699     -0.2317247       -1    2    0
  0.5215845     -0.9601097E-03 -0.6102655E-03  0.1692223E-01  0.4328588      0.8711699     -0.2317247       -1    2    0
  0.5213422     -0.9592162E-03 -0.6084672E-03  0.1692175E-01  0.3513993      0.9322700      0.8597169E-01   -1    2    0
  0.5210272     -0.9582730E-03 -0.6059649E-03  0.1692198E-01  0.3513993      0.9322700      0.8597169E-01   -1    2    0
  0.5210000     -0.9581918E-03 -0.6057494E-03  0.1692200E-01  0.3513993      0.9322700      0.8597169E-01   -1    2    2
   8.669444     -0.9607475E-03 -0.6192658E-03  0.1692052E-01 -0.3724417E-01 -0.6963166E-01  0.9968773       -1    2    0
   8.592553     -0.1291520E-02 -0.1237677E-02  0.2577397E-01 -0.6010245E-01  0.1798145      0.9818627       -1    2    0
   8.555995     -0.1545308E-02 -0.4783924E-03  0.2991998E-01 -0.1175397     -0.4186221E-01  0.9921855       -1    2    0
   8.484616     -0.2514358E-02 -0.8235230E-03  0.3810000E-01 -0.1175397     -0.4186221E-01  0.9921855       -1    3    0
   8.465632      -1.281941     -0.4564962       10.83810     -0.1823022E-01 -0.4186221E-01  0.9989571       -1    4    0
   8.463696      -1.302168     -0.5029438       11.94648      0.8126020E-01 -0.4186221E-01  0.9958134       -1    4    0
   8.461761      -1.212007     -0.5493914       13.05137      0.1799441     -0.4186221E-01  0.9827857       -1    4    0
   8.459826      -1.012353     -0.5958390       14.14180      0.2768419     -0.4186221E-01  0.9600032       -1    4    0
   8.457891     -0.7051873     -0.6422865       15.20696      0.3709918     -0.4186221E-01  0.9276921       -1    4    0
   8.455956     -0.2935590     -0.6887341       16.23627      0.4614595     -0.4186221E-01  0.8861731       -1    4    0
   8.454021      0.2184464     -0.7351817       17.21951      0.5473469     -0.4186221E-01  0.8358582       -1    4    0
   8.452085      0.8257467     -0.7816293       18.14692      0.6278015     -0.4186221E-01  0.7772470       -1    4    0
   8.450150       1.522314     -0.8280768       19.00930      0.7020248     -0.4186221E-01  0.7109211       -1    4    0
   8.448215       2.301235     -0.8745244       19.79809      0.7692801     -0.4186221E-01  0.6375388       -1    4    0
   8.446280       3.154778     -0.9209720       20.50546      0.8288998     -0.4186221E-01  0.5578286       -1    4    0
   8.444345       4.074471     -0.9674196       21.12440      0.8802921     -0.4186221E-01  0.4725816       -1    4    0
   8.442410       5.051186      -1.013867       21.64874      0.9229470     -0.4186221E-01  0.3826439       -1    4    0
   8.440475       6.075228      -1.060315       22.07330      0.9564411     -0.4186221E-01  0.2889083       -1    4    0
   8.438539       7.136432      -1.106762       22.39385      0.9804419     -0.4186221E-01  0.1923050       -1    4    0
   8.436604       8.224267      -1.153210       22.60722      0.9947112     -0.4186221E-01  0.9379304E-01   -1    4    0
   8.434669       9.327933      -1.199657       22.71129      0.9991074     -0.4186221E-01 -0.5649900E-02   -1    4    0
   8.432734       10.43648      -1.246105       22.70502      0.9935869     -0.4186221E-01 -0.1050368       -1    4    0
   8.432096       10.80000      -1.261421       22.66659      0.9935869     -0.4186221E-01 -0.1050368       -1    5    0
   8.419803       17.80308      -1.556478       21.92626      0.9935869     -0.4186221E-01 -0.1050368       -1    5    0
   8.413168       21.60000      -1.716451       21.52487      0.9935869     -0.4186221E-01 -0.1050368       -1    7    0
   8.404291       26.68000      -1.930484       20.98784      0.9935869     -0.4186221E-01 -0.1050368       -1    9    0
   8.404291       28.68000      -2.014749       20.77641      0.9935869     -0.4186221E-01 -0.1050368       -1   10    3
   9.010999             0.             0.             0.             0.             0.       1.000000       -1    2    0
   9.010736             0.             0.      0.3037060E-04 -0.2732793E-01 -0.2298515E-01  0.9993622       -1    2    0
   9.009695     -0.3279304E-05 -0.2758177E-05  0.1502923E-03 -0.2715267E-01 -0.2733453E-01  0.9992575       -1    2    0
   9.009252     -0.4665798E-05 -0.4153958E-05  0.2013173E-03 -0.2820008E-01 -0.6683632E-01  0.9973654       -1    2    0
   9.007002     -0.1198198E-04 -0.2149387E-04  0.4600722E-03 -0.3759911E-01 -0.6187960E-01  0.9973752       -1    2    0
   9.000504     -0.4015303E-04 -0.6785701E-04  0.1207353E-02 -0.1302243E-01 -0.1252585      0.9920387       -1    2    0
   8.994688     -0.4888651E-04 -0.1518616E-03  0.1872664E-02 -0.5153172E-01 -0.1499409      0.9873511       -1    2    0
   8.963057     -0.2368353E-03 -0.6987328E-03  0.5473774E-02 -0.1067076     -0.1722733      0.9792525       -1    2    0
   8.902853     -0.9775890E-03 -0.1894638E-02  0.1227165E-01 -0.1710401     -0.1511812      0.9735962       -1    2    0
  0.6935289     -0.1204726E-02 -0.2095403E-02  0.1356456E-01  0.8257594     -0.1351039      0.5476024       -1    2    0
  0.6862796     -0.7983409E-03 -0.2161892E-02  0.1383406E-01  0.3413608     -0.5889507      0.7325366       -1    2    0
  0.6844065     -0.7549358E-03 -0.2236779E-02  0.1392720E-01  0.3413608     -0.5889507      0.7325366       -1    2    0
  0.6815426     -0.6912445E-03 -0.2346666E-02  0.1406388E-01  0.2359112      0.9509231      0.2002278       -1    2    0
  0.6753408     -0.5959274E-03 -0.1962457E-02  0.1414478E-01  0.4335573      0.8917853      0.1294105       -1    2    0
  0.6744651     -0.5711945E-03 -0.1911583E-02  0.1415216E-01  0.4335573      0.8917853      0.1294105       -1    2    0
  0.6696403     -0.4405514E-03 -0.1642863E-02  0.1419116E-01  0.1693908      0.6780730      0.7152088       -1    2    0
  0.6675894     -0.4188550E-03 -0.1556012E-02  0.1428276E-01  0.1693908      0.6780730      0.7152088       -1    2    0
  0.6667112     -0.4099624E-03 -0.1520415E-02  0.1432031E-01 -0.7702959E-01  0.9540704      0.2895100       -1    2    0
  0.6580402     -0.4498910E-03 -0.1025870E-02  0.1447038E-01 -0.4378028E-02  0.9339355      0.3574148       -1    2    0
  0.6561042     -0.4503977E-03 -0.9177808E-03  0.1451174E-01 -0.4378028E-02  0.9339355      0.3574148       -1    2    0
  0.6536566     -0.4510102E-03 -0.7871126E-03  0.1456175E-01  0.7390441      0.6693917      0.7568666E-01   -1    2    0
  0.6491674     -0.2613584E-03 -0.6153348E-03  0.1458117E-01  0.4994871      0.2661068     -0.8244391       -1    2    0
  0.6476014     -0.2166474E-03 -0.5915146E-03  0.1450737E-01  0.6931034      0.1983678     -0.6930065       -1    2    0
  0.6422027     -0.2751757E-05 -0.5302972E-03  0.1429351E-01  0.6931034      0.1983678     -0.6930065       -1    2    0
  0.6406838      0.5472676E-04 -0.5138467E-03  0.1423604E-01  0.3147230     -0.5223549     -0.7925243       -1    2    0
  0.6377388      0.1053301E-03 -0.5978346E-03  0.1410861E-01 -0.4212441      0.7111481E-01 -0.9041549       -1    2    0
  0.6350967      0.4456285E-04 -0.5875758E-03  0.1397818E-01 -0.8110754      0.2117841     -0.5452561       -1    2    0
  0.6317336     -0.1043640E-03 -0.5486887E-03  0.1387806E-01 -0.8110754      0.2117841     -0.5452561       -1    2    0
  0.6313077     -0.1223554E-03 -0.5439909E-03  0.1386597E-01 -0.6880497      0.7005235      0.1893530       -1    2    0
  0.6254685     -0.3316178E-03 -0.3309347E-03  0.1392356E-01 -0.6923274      0.4408584     -0.5712501       -1    2    0
  0.6216384     -0.4697349E-03 -0.2429849E-03  0.1380959E-01 -0.6923274      0.4408584     -0.5712501       -1    2    0
  0.6213949     -0.4780971E-03 -0.2376601E-03  0.1380269E-01 -0.3661836      0.3517405     -0.8615034       -1    2    0
  0.6191830     -0.5182881E-03 -0.1990543E-03  0.1370814E-01 -0.1024369     -0.2556735     -0.9613208       -1    2    0
  0.6174241     -0.5272285E-03 -0.2213689E-03  0.1362424E-01 -0.3196520     -0.9294225     -0.1843810       -1    2    0
  0.6143089     -0.5766394E-03 -0.3650364E-03  0.1359574E-01 -0.6816447     -0.3920463      0.6177866       -1    2    0
  0.6125905     -0.6347618E-03 -0.3984653E-03  0.1364841E-01 -0.6816447     -0.3920463      0.6177866       -1    2    0
  0.6111439     -0.6812201E-03 -0.4251857E-03  0.1369052E-01 -0.6816447     -0.3920463      0.6177866       -1    2    0
 IBTCH=    1   NCUP=    21   NEVNT=   100   NCOUNT=       100
1         1 Batches out of          1 (requested) were run (with        100 events per batch)
 for a total of        100 incident electrons


 EKIN=     8.5000     MeV
 XIAMP=     65.000     amps
 BFIELD=     2.6000     kg


 Available k.e.=     8.5000     MeV
 TOTKE=    0.85000E+03 MeV




 ENERGY DEPOSITION SUMMARY FOR PARTICLES WITH IQ=-1
                                                       IARG
                   0               1             2              3              4                ROW SUM
   REGION

      1              0.             0.             0.      0.2139458E-01         0.           0.2139458E-01
      2       0.5949142E-01         0.      0.3807710E-02         0.             0.           0.6329913E-01
      3       0.3182873E-02         0.      0.1058940E-03         0.             0.           0.3288767E-02
      4       0.4302227E-02         0.      0.2117880E-03         0.             0.           0.4514015E-02
      5       0.2403258E-02         0.      0.8236198E-04         0.             0.           0.2485620E-02
      6              0.             0.             0.      0.6639273E-01         0.           0.6639273E-01
      7       0.2987892E-03         0.             0.             0.             0.           0.2987892E-03
      8              0.             0.             0.      0.6146039             0.           0.6146039    
      9              0.             0.             0.             0.             0.                  0.    
     10              0.             0.             0.      0.1973450             0.           0.1973450    
     11              0.             0.             0.             0.             0.                  0.    
     12              0.             0.             0.      0.9822289E-02         0.           0.9822289E-02

   COL SUM    0.6967857E-01         0.      0.4207754E-02  0.9095586             0.           0.9834449    


 ENERGY DEPOSITION SUMMARY FOR PARTICLES WITH IQ= 0
                                                       IARG
                   0               1             2              3              4                ROW SUM
   REGION

      1              0.             0.             0.      0.2367505E-02         0.           0.2367505E-02
      2              0.             0.             0.             0.      0.4225365E-04       0.4225365E-04
      3              0.             0.             0.             0.             0.                  0.    
      4              0.             0.             0.             0.             0.                  0.    
      5              0.             0.             0.             0.             0.                  0.    
      6              0.             0.             0.             0.             0.                  0.    
      7              0.             0.             0.             0.             0.                  0.    
      8              0.             0.             0.             0.             0.                  0.    
      9              0.             0.             0.             0.             0.                  0.    
     10              0.             0.             0.             0.             0.                  0.    
     11              0.             0.             0.      0.1255035E-01         0.           0.1255035E-01
     12              0.             0.             0.      0.1594982E-02         0.           0.1594982E-02

   COL SUM           0.             0.             0.      0.1651284E-01  0.4225365E-04       0.1655509E-01


 ENERGY DEPOSITION SUMMARY FOR PARTICLES WITH IQ= 1
                                                       IARG
                   0               1             2              3              4                ROW SUM
   REGION

      1              0.             0.             0.             0.             0.                  0.    
      2              0.             0.             0.             0.             0.                  0.    
      3              0.             0.             0.             0.             0.                  0.    
      4              0.             0.             0.             0.             0.                  0.    
      5              0.             0.             0.             0.             0.                  0.    
      6              0.             0.             0.             0.             0.                  0.    
      7              0.             0.             0.             0.             0.                  0.    
      8              0.             0.             0.             0.             0.                  0.    
      9              0.             0.             0.             0.             0.                  0.    
     10              0.             0.             0.             0.             0.                  0.    
     11              0.             0.             0.             0.             0.                  0.    
     12              0.             0.             0.             0.             0.                  0.    

   COL SUM           0.             0.             0.             0.             0.                  0.    


 ENERGY DEPOSITION SUMMARY FOR ALL PARTICLES:
                                                       IARG
                   0               1             2              3              4                ROW SUM
   REGION

      1              0.             0.             0.      0.2376208E-01         0.           0.2376208E-01
      2       0.5949142E-01         0.      0.3807710E-02         0.      0.4225365E-04       0.6334139E-01
      3       0.3182873E-02         0.      0.1058940E-03         0.             0.           0.3288767E-02
      4       0.4302227E-02         0.      0.2117880E-03         0.             0.           0.4514015E-02
      5       0.2403258E-02         0.      0.8236198E-04         0.             0.           0.2485620E-02
      6              0.             0.             0.      0.6639273E-01         0.           0.6639273E-01
      7       0.2987892E-03         0.             0.             0.             0.           0.2987892E-03
      8              0.             0.             0.      0.6146039             0.           0.6146039    
      9              0.             0.             0.             0.             0.                  0.    
     10              0.             0.             0.      0.1973450             0.           0.1973450    
     11              0.             0.             0.      0.1255035E-01         0.           0.1255035E-01
     12              0.             0.             0.      0.1141727E-01         0.           0.1141727E-01

   COL SUM    0.6967857E-01         0.      0.4207754E-02  0.9260714      0.4225365E-04        1.000000    


 TOTAL FRACTION=   1.000000         NOTE: THIS NUMBER SHOULD BE VERY CLOSE TO UNITY




 SUMMARY OF EVENT COUNT FOR PARTICLES WITH IQ=-1
                                                       IARG
                   0               1             2              3              4                ROW SUM
   REGION

      1                   0              0              0              7              0                   7
      2               12303              0            325              0              0               12628
      3                 503              0              9              0              0                 512
      4                3817              0             18              0              0                3835
      5                 282              0              7              0              0                 289
      6                   0              0              0              7              0                   7
      7                  37              0              0              0              0                  37
      8                   0              0              0             69              0                  69
      9                  21              0              0              0              0                  21
     10                   0              0              0             21              0                  21
     11                   0              0              0              0              0                   0
     12                   0              0              0              4              0                   4

   COL SUM            16963              0            359            108              0               17430


 SUMMARY OF EVENT COUNT FOR PARTICLES WITH IQ= 0
                                                       IARG
                   0               1             2              3              4                ROW SUM
   REGION

      1                   0              0              0              4              0                   4
      2                  29              0              0              0              4                  33
      3                  19              0              0              0              0                  19
      4                  18              0              0              0              0                  18
      5                   1              0              0              0              0                   1
      6                   0              0              0              0              0                   0
      7                   0              0              0              0              0                   0
      8                   0              0              0              0              0                   0
      9                   0              0              0              0              0                   0
     10                   0              0              0              0              0                   0
     11                   0              0              0             16              0                  16
     12                   0              0              0              2              0                   2

   COL SUM               67              0              0             22              4                  93


 SUMMARY OF EVENT COUNT FOR PARTICLES WITH IQ= 1
                                                       IARG
                   0               1             2              3              4                ROW SUM
   REGION

      1                   0              0              0              0              0                   0
      2                   0              0              0              0              0                   0
      3                   0              0              0              0              0                   0
      4                   0              0              0              0              0                   0
      5                   0              0              0              0              0                   0
      6                   0              0              0              0              0                   0
      7                   0              0              0              0              0                   0
      8                   0              0              0              0              0                   0
      9                   0              0              0              0              0                   0
     10                   0              0              0              0              0                   0
     11                   0              0              0              0              0                   0
     12                   0              0              0              0              0                   0

   COL SUM                0              0              0              0              0                   0


 SUMMARY OF EVENT COUNT FOR ALL PARTICLES:
                                                       IARG
                   0               1             2              3              4                ROW SUM
   REGION

      1                   0              0              0             11              0                  11
      2               12332              0            325              0              4               12661
      3                 522              0              9              0              0                 531
      4                3835              0             18              0              0                3853
      5                 283              0              7              0              0                 290
      6                   0              0              0              7              0                   7
      7                  37              0              0              0              0                  37
      8                   0              0              0             69              0                  69
      9                  21              0              0              0              0                  21
     10                   0              0              0             21              0                  21
     11                   0              0              0             16              0                  16
     12                   0              0              0              6              0                   6

   COL SUM            17030              0            359            130              4               17523


 TOTAL NUMBER OF EVENTS=          17523
