 PEGS5-call comes next


 inseed=           1      (seed for generating unique sequences of Ranlux)
 ranlux luxury level set by rluxgo : 1     p=  48
 ranlux initialized by rluxgo from seed           1

 Start uccyl
 Call hatch to get cross-section data

 HATCH-call comes next

 EGS SUCCESSFULLY 'HATCHED' FOR     2 MEDIA.

 Quantities associated with each media:

 IRON-100                
      rho=   7.860000     g/cm**3     rlc=   1.760680     cm
      AE=  0.7000000     MeV    UE=   1000.520     MeV
      AP=  0.1000000E-01 MeV    UP=   1000.000     MeV
 TA                      
      rho=   16.60000     g/cm**3     rlc=  0.4107230     cm
      AE=  0.7000000     MeV    UE=   1000.520     MeV
      AP=  0.1000000E-01 MeV    UP=   1000.000     MeV

 Pcoord and pnorm values for each j-plane (i=1,3):

    1         0.             0.             0.             0.             0.       1.000000    
    2         0.             0.      0.6400000             0.             0.       1.000000    
    3         0.             0.       2.480000             0.             0.       1.000000    
    4         0.             0.       4.320000             0.             0.       1.000000    
    5         0.             0.       7.110000             0.             0.       1.000000    
    6         0.             0.       10.70000             0.             0.       1.000000    
    7         0.             0.       12.70000             0.             0.       1.000000    
    8         0.             0.       22.86000             0.             0.       1.000000    

 Cylinder radii:

 CYRAD( 1)=  0.7620000    
 CYRAD( 2)=   5.840000    
 CYRAD( 3)=   7.620000    
 CYRAD( 4)=   10.16000    
 CYRAD( 5)=   12.70000    
 CYRAD( 6)=   15.24000    
 CYRAD( 7)=   15.88000    
 CYRAD( 8)=   17.40000    
 CYRAD( 9)=   25.40000    

 Volume (cm**3) of each region:

 irl=  2     med=  0     vol=     1.1675              irsplt= 0
 irl=  3     med=  1     vol=     105.96              irsplt= 0
 irl=  4     med=  1     vol=     75.909              irsplt= 0
 irl=  5     med=  1     vol=     142.52              irsplt= 0
 irl=  6     med=  1     vol=     183.05              irsplt= 0
 irl=  7     med=  1     vol=     223.59              irsplt= 0
 irl=  8     med=  1     vol=     63.210              irsplt= 0
 irl=  9     med=  1     vol=     159.56              irsplt= 0
 irl= 10     med=  1     vol=     1076.3              irsplt= 0
 irl= 11     med=  0     vol=     3.3564              irsplt= 0
 irl= 12     med=  1     vol=     107.16              irsplt= 0
 irl= 13     med=  1     vol=     77.109              irsplt= 0
 irl= 14     med=  1     vol=     143.72              irsplt= 0
 irl= 15     med=  1     vol=     184.25              irsplt= 0
 irl= 16     med=  1     vol=     224.79              irsplt= 0
 irl= 17     med=  1     vol=     64.410              irsplt= 0
 irl= 18     med=  1     vol=     160.76              irsplt= 0
 irl= 19     med=  1     vol=     1077.5              irsplt= 0
 irl= 20     med=  0     vol=     3.3564              irsplt= 0
 irl= 21     med=  1     vol=     107.16              irsplt= 0
 irl= 22     med=  1     vol=     77.109              irsplt= 0
 irl= 23     med=  1     vol=     143.72              irsplt= 0
 irl= 24     med=  1     vol=     184.25              irsplt= 0
 irl= 25     med=  1     vol=     224.79              irsplt= 0
 irl= 26     med=  1     vol=     64.410              irsplt= 0
 irl= 27     med=  1     vol=     160.76              irsplt= 0
 irl= 28     med=  1     vol=     1077.5              irsplt= 0
 irl= 29     med=  0     vol=     5.0894              irsplt= 0
 irl= 30     med=  1     vol=     108.11              irsplt= 0
 irl= 31     med=  1     vol=     78.059              irsplt= 0
 irl= 32     med=  0     vol=     144.67              irsplt= 0
 irl= 33     med=  0     vol=     185.20              irsplt= 0
 irl= 34     med=  0     vol=     225.74              irsplt= 0
 irl= 35     med=  1     vol=     65.360              irsplt= 0
 irl= 36     med=  1     vol=     161.71              irsplt= 0
 irl= 37     med=  1     vol=     1078.5              irsplt= 0
 irl= 38     med=  0     vol=     6.5487              irsplt= 0
 irl= 39     med=  1     vol=     108.91              irsplt= 0
 irl= 40     med=  0     vol=     78.859              irsplt= 0
 irl= 41     med=  0     vol=     145.47              irsplt= 0
 irl= 42     med=  0     vol=     186.00              irsplt= 0
 irl= 43     med=  0     vol=     226.54              irsplt= 0
 irl= 44     med=  1     vol=     66.160              irsplt= 0
 irl= 45     med=  1     vol=     162.51              irsplt= 0
 irl= 46     med=  1     vol=     1079.3              irsplt= 0
 irl= 47     med=  2     vol=     3.6483              irsplt= 0
 irl= 48     med=  0     vol=     107.32              irsplt= 0
 irl= 49     med=  0     vol=     77.269              irsplt= 0
 irl= 50     med=  0     vol=     143.88              irsplt= 0
 irl= 51     med=  0     vol=     184.41              irsplt= 0
 irl= 52     med=  0     vol=     224.95              irsplt= 0
 irl= 53     med=  1     vol=     64.570              irsplt= 0
 irl= 54     med=  1     vol=     160.92              irsplt= 0
 irl= 55     med=  1     vol=     1077.7              irsplt= 0
 irl= 56     med=  0     vol=     18.533              irsplt= 0
 irl= 57     med=  0     vol=     115.48              irsplt= 0
 irl= 58     med=  1     vol=     85.429              irsplt= 0
 irl= 59     med=  1     vol=     152.04              irsplt= 0
 irl= 60     med=  1     vol=     192.57              irsplt= 0
 irl= 61     med=  1     vol=     233.11              irsplt= 0
 irl= 62     med=  1     vol=     72.730              irsplt= 0
 irl= 63     med=  1     vol=     169.08              irsplt= 0
 irl= 64     med=  1     vol=     1085.8              irsplt= 0

 Energy/coordinates/direction cosines/etc.
   (First hundred or so lines)   

      e                x              y              z              u              v              w         iq    ir   iarg

   1000.000     -0.3312809E-03  0.8032773E-02         0.             0.             0.       1.000000       -1    2    0
   1000.000     -0.3312809E-03  0.8032773E-02         0.             0.             0.       1.000000       -1    2    0
   1000.000     -0.3312809E-03  0.8032773E-02  0.6400000             0.             0.       1.000000       -1   11    0
   1000.000     -0.3312809E-03  0.8032773E-02   2.480000             0.             0.       1.000000       -1   20    0
   1000.000     -0.3312809E-03  0.8032773E-02   4.320000             0.             0.       1.000000       -1   29    0
   1000.000     -0.3312809E-03  0.8032773E-02   7.110000             0.             0.       1.000000       -1   38    0
   1000.000     -0.3312809E-03  0.8032773E-02   10.70000             0.             0.       1.000000       -1   47    0
   999.9999     -0.3312809E-03  0.8032773E-02   10.70000      0.6390399E-04 -0.5327450E-04   1.000000       -1   47    0
   999.9981     -0.3312743E-03  0.8032768E-02   10.70011     -0.2381449E-04 -0.1232936E-03   1.000000       -1   47    0
   999.9976     -0.3312750E-03  0.8032764E-02   10.70014     -0.4578229E-04 -0.1572094E-03   1.000000       -1   47    0
   999.9912     -0.3312913E-03  0.8032708E-02   10.70049      0.6984125E-04  0.1183838E-03   1.000000       -1   47    0
   999.9879     -0.3312786E-03  0.8032729E-02   10.70067      0.2859313E-03  0.2262375E-03  0.9999999       -1   47    0
   22.83070     -0.3311246E-03  0.8032851E-02   10.70121      0.7601690E-03  0.3589635E-04  0.9999997        0   47    0
   6.942858      0.1170181E-02  0.8103745E-02   12.67618      0.1184905E-01 -0.1940393E-01  0.9997415        1   47    0
  0.6344395E-01  0.1260782E-02  0.7955378E-02   12.68382      0.8587693E-01 -0.3012893E-01  0.9958501        0   47    0
  0.6344395E-01  0.2656043E-02  0.7465867E-02   12.70000      0.8587693E-01 -0.3012893E-01  0.9958501        0   56    0
  0.6344395E-01  0.7216163     -0.2447731       21.03724      0.8587693E-01 -0.3012893E-01  0.9958501        0   57    0
  0.6344395E-01  0.8788016     -0.2999197       22.86000      0.8587693E-01 -0.3012893E-01  0.9958501        0   65    3
   6.757202      0.1260782E-02  0.7955378E-02   12.68382      0.1184905E-01 -0.1940393E-01  0.9997415        1   47    0
   6.700848      0.1302622E-02  0.7886861E-02   12.68735      0.7391517      0.3882421      0.5503843        1   47    0
   6.687685      0.1912240E-02  0.8207065E-02   12.68780      0.7391517      0.3882421      0.5503843        1   47    0

      2.9754     sec for       10 cases
 Without Leading Particle Biasing.

 Radial histogram output:

 Z-bin= -0.0 to -infinity (Backscatter)

      r1(cm)         r2(cm)       (de/e)/dv         de/e       sum de/e


        0.0         infinity                   0.8070314E-04  0.8070314E-04
 Radial histogram output:

 Z-bin=         0.    (cm)  to  0.6400000    (cm)

      r1(cm)         r2(cm)       (de/e)/dv         de/e       sum de/e

         0.      0.7620000             0.             0.             0.    
  0.7620000       5.840000      0.1399886E-05  0.1483344E-03  0.1483344E-03
   5.840000       7.620000             0.             0.      0.1483344E-03
   7.620000       10.16000      0.1138220E-06  0.1622170E-04  0.1645561E-03
   10.16000       12.70000             0.             0.      0.1645561E-03
   12.70000       15.24000             0.             0.      0.1645561E-03
   15.24000       15.88000      0.2370579E-06  0.1498454E-04  0.1795406E-03
   15.88000       17.40000             0.             0.      0.1795406E-03
   17.40000       25.40000             0.             0.      0.1795406E-03
 Radial histogram output:

 Z-bin=  0.6400000    (cm)  to   2.480000    (cm)

      r1(cm)         r2(cm)       (de/e)/dv         de/e       sum de/e

         0.      0.7620000             0.             0.             0.    
  0.7620000       5.840000      0.5071248E-06  0.5434438E-04  0.5434438E-04
   5.840000       7.620000      0.8159289E-06  0.6291529E-04  0.1172597E-03
   7.620000       10.16000      0.7162105E-06  0.1029324E-03  0.2201921E-03
   10.16000       12.70000             0.             0.      0.2201921E-03
   12.70000       15.24000      0.7048700E-07  0.1584486E-04  0.2360369E-03
   15.24000       15.88000      0.3265386E-06  0.2103251E-04  0.2570695E-03
   15.88000       17.40000      0.2550340E-06  0.4099910E-04  0.2980685E-03
   17.40000       25.40000      0.5314100E-07  0.5726056E-04  0.3553291E-03
 Radial histogram output:

 Z-bin=   2.480000    (cm)  to   4.320000    (cm)

      r1(cm)         r2(cm)       (de/e)/dv         de/e       sum de/e

         0.      0.7620000             0.             0.             0.    
  0.7620000       5.840000      0.7210110E-06  0.7726481E-04  0.7726481E-04
   5.840000       7.620000      0.3494617E-05  0.2694657E-03  0.3467305E-03
   7.620000       10.16000      0.4199823E-06  0.6035906E-04  0.4070896E-03
   10.16000       12.70000      0.4364949E-06  0.8042624E-04  0.4875158E-03
   12.70000       15.24000      0.2027472E-05  0.4557579E-03  0.9432738E-03
   15.24000       15.88000      0.2562017E-05  0.1650207E-03  0.1108295E-02
   15.88000       17.40000      0.1779239E-05  0.2860293E-03  0.1394324E-02
   17.40000       25.40000      0.1336774E-06  0.1440402E-03  0.1538364E-02
 Radial histogram output:

 Z-bin=   4.320000    (cm)  to   7.110000    (cm)

      r1(cm)         r2(cm)       (de/e)/dv         de/e       sum de/e

         0.      0.7620000             0.             0.             0.    
  0.7620000       5.840000      0.8458144E-05  0.9144247E-03  0.9144247E-03
   5.840000       7.620000      0.7685418E-06  0.5999145E-04  0.9744162E-03
   7.620000       10.16000             0.             0.      0.9744162E-03
   10.16000       12.70000             0.             0.      0.9744162E-03
   12.70000       15.24000             0.             0.      0.9744162E-03
   15.24000       15.88000      0.1405275E-05  0.9184944E-04  0.1066266E-02
   15.88000       17.40000      0.2497375E-05  0.4038489E-03  0.1470115E-02
   17.40000       25.40000      0.9941475E-06  0.1072160E-02  0.2542274E-02
 Radial histogram output:

 Z-bin=   7.110000    (cm)  to   10.70000    (cm)

      r1(cm)         r2(cm)       (de/e)/dv         de/e       sum de/e

         0.      0.7620000             0.             0.             0.    
  0.7620000       5.840000      0.4814238E-04  0.5243271E-02  0.5243271E-02
   5.840000       7.620000             0.             0.      0.5243271E-02
   7.620000       10.16000             0.             0.      0.5243271E-02
   10.16000       12.70000             0.             0.      0.5243271E-02
   12.70000       15.24000             0.             0.      0.5243271E-02
   15.24000       15.88000      0.9027408E-05  0.5972576E-03  0.5840529E-02
   15.88000       17.40000      0.8469302E-05  0.1376341E-02  0.7216869E-02
   17.40000       25.40000      0.1042842E-05  0.1125510E-02  0.8342379E-02
 Radial histogram output:

 Z-bin=   10.70000    (cm)  to   12.70000    (cm)

      r1(cm)         r2(cm)       (de/e)/dv         de/e       sum de/e

         0.      0.7620000      0.1162118      0.4239747      0.4239747    
  0.7620000       5.840000             0.             0.      0.4239747    
   5.840000       7.620000             0.             0.      0.4239747    
   7.620000       10.16000             0.             0.      0.4239747    
   10.16000       12.70000             0.             0.      0.4239747    
   12.70000       15.24000             0.             0.      0.4239747    
   15.24000       15.88000      0.5085755E-05  0.3283896E-03  0.4243031    
   15.88000       17.40000      0.3925221E-05  0.6316440E-03  0.4249348    
   17.40000       25.40000      0.1002010E-05  0.1079848E-02  0.4260146    
 Radial histogram output:

 Z-bin=   12.70000    (cm)  to   22.86000    (cm)

      r1(cm)         r2(cm)       (de/e)/dv         de/e       sum de/e

         0.      0.7620000             0.             0.             0.    
  0.7620000       5.840000             0.             0.             0.    
   5.840000       7.620000      0.5177422E-03  0.4423009E-01  0.4423009E-01
   7.620000       10.16000      0.1025549E-03  0.1559225E-01  0.5982234E-01
   10.16000       12.70000      0.3721049E-04  0.7165800E-02  0.6698814E-01
   12.70000       15.24000      0.1589578E-04  0.3705486E-02  0.7069363E-01
   15.24000       15.88000      0.6049133E-05  0.4399563E-03  0.7113358E-01
   15.88000       17.40000      0.4588400E-05  0.7758036E-03  0.7190939E-01
   17.40000       25.40000      0.5808916E-06  0.6307561E-03  0.7254014E-01

   25.40000        infinity                    0.1148920E-02  0.7368906E-01
  Transmitted   0.4872577      0.5609468    


                                             Total sum de/e   0.6347166      (should be close to unity)


 ENERGY DEPOSITION SUMMARY FOR PARTICLES WITH IQ=-1
                                                       IARG
                   0               1             2              3              4                ROW SUM
   REGION

      1              0.             0.             0.             0.             0.                  0.    
      2              0.             0.             0.             0.             0.                  0.    
      3       0.1294246E-03         0.      0.1890977E-04         0.             0.           0.1483344E-03
      4              0.             0.             0.             0.             0.                  0.    
      5              0.             0.      0.1622170E-04         0.             0.           0.1622170E-04
      6              0.             0.             0.             0.             0.                  0.    
      7              0.             0.             0.             0.             0.                  0.    
      8              0.             0.      0.1427298E-04         0.             0.           0.1427298E-04
      9              0.             0.             0.             0.             0.                  0.    
     10              0.             0.             0.             0.             0.                  0.    
     11              0.             0.             0.             0.             0.                  0.    
     12              0.             0.      0.5292125E-04         0.             0.           0.5292125E-04
     13              0.             0.      0.6149216E-04         0.             0.           0.6149216E-04
     14       0.3989461E-04         0.      0.6161467E-04         0.             0.           0.1015093E-03
     15              0.             0.             0.             0.             0.                  0.    
     16              0.             0.      0.1584486E-04         0.             0.           0.1584486E-04
     17       0.2122734E-05         0.      0.1890977E-04         0.             0.           0.2103251E-04
     18              0.             0.      0.4028753E-04         0.             0.           0.4028753E-04
     19       0.1618835E-04         0.      0.3964908E-04         0.             0.           0.5583743E-04
     20              0.             0.             0.             0.             0.                  0.    
     21       0.1712208E-04         0.      0.6014272E-04         0.             0.           0.7726481E-04
     22       0.7892394E-04         0.      0.1078620E-03         0.             0.           0.1867860E-03
     23       0.2499386E-05         0.      0.5714811E-04         0.             0.           0.5964749E-04
     24       0.1005587E-04         0.      0.6957416E-04         0.             0.           0.7963002E-04
     25       0.2778753E-03         0.      0.1743248E-03         0.             0.           0.4522001E-03
     26       0.1325338E-03         0.      0.3248691E-04         0.             0.           0.1650207E-03
     27       0.1690501E-03         0.      0.1148445E-03         0.             0.           0.2838946E-03
     28       0.4844216E-04         0.      0.9488650E-04         0.             0.           0.1433287E-03
     29              0.             0.             0.             0.             0.                  0.    
     30       0.4694439E-03         0.      0.4417947E-03         0.             0.           0.9112386E-03
     31              0.             0.      0.5785675E-04         0.             0.           0.5785675E-04
     32              0.             0.             0.             0.             0.                  0.    
     33              0.             0.             0.             0.             0.                  0.    
     34              0.             0.             0.             0.             0.                  0.    
     35       0.8430403E-05         0.      0.8199591E-04         0.             0.           0.9042632E-04
     36       0.1073090E-03         0.      0.2921984E-03         0.             0.           0.3995074E-03
     37       0.4178681E-03         0.      0.4430479E-03         0.             0.           0.8609161E-03
     38              0.             0.             0.             0.             0.                  0.    
     39       0.2402679E-02         0.      0.2476536E-02         0.             0.           0.4879215E-02
     40              0.             0.             0.             0.             0.                  0.    
     41              0.             0.             0.             0.             0.                  0.    
     42              0.             0.             0.             0.             0.                  0.    
     43              0.             0.             0.             0.             0.                  0.    
     44       0.3007765E-04         0.      0.1644780E-03         0.             0.           0.1945557E-03
     45       0.7585934E-03         0.      0.6103777E-03         0.             0.           0.1368971E-02
     46       0.5073230E-03         0.      0.6102749E-03         0.             0.           0.1117598E-02
     47       0.2387726             0.      0.5809641E-01         0.             0.           0.2968690    
     48              0.             0.             0.             0.             0.                  0.    
     49              0.             0.             0.             0.             0.                  0.    
     50              0.             0.             0.             0.             0.                  0.    
     51              0.             0.             0.             0.             0.                  0.    
     52              0.             0.             0.             0.             0.                  0.    
     53       0.1225034E-03         0.      0.2043784E-03         0.             0.           0.3268818E-03
     54       0.4038191E-03         0.      0.2234709E-03         0.             0.           0.6272900E-03
     55       0.4594280E-03         0.      0.6167774E-03         0.             0.           0.1076205E-02
     56              0.             0.             0.             0.             0.                  0.    
     57              0.             0.             0.             0.             0.                  0.    
     58       0.2736914E-01         0.      0.1062023E-01         0.             0.           0.3798938E-01
     59       0.8424501E-02         0.      0.5897537E-02         0.             0.           0.1432204E-01
     60       0.3178731E-02         0.      0.2545399E-02         0.             0.           0.5724131E-02
     61       0.2288840E-02         0.      0.1255522E-02         0.             0.           0.3544362E-02
     62       0.2165816E-03         0.      0.2211554E-03         0.             0.           0.4377370E-03
     63       0.5325919E-03         0.      0.2410758E-03         0.             0.           0.7736677E-03
     64       0.1861193E-03         0.      0.4353865E-03         0.             0.           0.6215058E-03
     65              0.             0.             0.      0.3481141E-01         0.           0.3481141E-01
     66              0.             0.             0.             0.             0.                  0.    

   COL SUM    0.2875807             0.      0.8658730E-01  0.3481141E-01         0.           0.4089794    


 ENERGY DEPOSITION SUMMARY FOR PARTICLES WITH IQ= 0
                                                       IARG
                   0               1             2              3              4                ROW SUM
   REGION

      1              0.             0.             0.      0.8070314E-04         0.           0.8070314E-04
      2              0.             0.             0.             0.             0.                  0.    
      3              0.             0.             0.             0.             0.                  0.    
      4              0.             0.             0.             0.             0.                  0.    
      5              0.             0.             0.             0.             0.                  0.    
      6              0.             0.             0.             0.             0.                  0.    
      7              0.             0.             0.             0.             0.                  0.    
      8              0.             0.             0.             0.      0.7115636E-06       0.7115636E-06
      9              0.             0.             0.             0.             0.                  0.    
     10              0.             0.             0.             0.             0.                  0.    
     11              0.             0.             0.             0.             0.                  0.    
     12              0.             0.             0.             0.      0.1423127E-05       0.1423127E-05
     13              0.             0.             0.             0.      0.1423127E-05       0.1423127E-05
     14              0.             0.             0.             0.      0.1423127E-05       0.1423127E-05
     15              0.             0.             0.             0.             0.                  0.    
     16              0.             0.             0.             0.             0.                  0.    
     17              0.             0.             0.             0.             0.                  0.    
     18              0.             0.             0.             0.      0.7115636E-06       0.7115636E-06
     19              0.             0.             0.             0.      0.1423127E-05       0.1423127E-05
     20              0.             0.             0.             0.             0.                  0.    
     21              0.             0.             0.             0.             0.                  0.    
     22              0.             0.             0.             0.      0.1423127E-05       0.1423127E-05
     23              0.             0.             0.             0.      0.7115636E-06       0.7115636E-06
     24              0.             0.             0.             0.      0.7962169E-06       0.7962169E-06
     25              0.             0.             0.             0.      0.3557818E-05       0.3557818E-05
     26              0.             0.             0.             0.             0.                  0.    
     27              0.             0.             0.             0.      0.2134691E-05       0.2134691E-05
     28              0.             0.             0.             0.      0.7115636E-06       0.7115636E-06
     29              0.             0.             0.             0.             0.                  0.    
     30              0.             0.             0.             0.      0.3186138E-05       0.3186138E-05
     31              0.             0.             0.             0.      0.2134691E-05       0.2134691E-05
     32              0.             0.             0.             0.             0.                  0.    
     33              0.             0.             0.             0.             0.                  0.    
     34              0.             0.             0.             0.             0.                  0.    
     35              0.             0.             0.             0.      0.1423127E-05       0.1423127E-05
     36              0.             0.             0.             0.      0.4341529E-05       0.4341529E-05
     37              0.             0.             0.             0.      0.4980945E-05       0.4980945E-05
     38              0.             0.             0.             0.             0.                  0.    
     39              0.             0.             0.             0.      0.3244490E-04       0.3244490E-04
     40              0.             0.             0.             0.             0.                  0.    
     41              0.             0.             0.             0.             0.                  0.    
     42              0.             0.             0.             0.             0.                  0.    
     43              0.             0.             0.             0.             0.                  0.    
     44              0.             0.             0.             0.      0.2930908E-05       0.2930908E-05
     45              0.             0.             0.             0.      0.7369596E-05       0.7369596E-05
     46              0.             0.             0.             0.      0.7911853E-05       0.7911853E-05
     47              0.             0.             0.             0.      0.1138583E-01       0.1138583E-01
     48              0.             0.             0.             0.             0.                  0.    
     49              0.             0.             0.             0.             0.                  0.    
     50              0.             0.             0.             0.             0.                  0.    
     51              0.             0.             0.             0.             0.                  0.    
     52              0.             0.             0.             0.             0.                  0.    
     53              0.             0.             0.             0.      0.1507780E-05       0.1507780E-05
     54              0.             0.             0.             0.      0.4354035E-05       0.4354035E-05
     55              0.             0.             0.             0.      0.3642471E-05       0.3642471E-05
     56              0.             0.             0.             0.             0.                  0.    
     57              0.             0.             0.             0.             0.                  0.    
     58              0.             0.             0.             0.      0.1415908E-03       0.1415908E-03
     59              0.             0.             0.             0.      0.8595386E-04       0.8595386E-04
     60              0.             0.             0.             0.      0.3558072E-04       0.3558072E-04
     61              0.             0.             0.             0.      0.1582625E-04       0.1582625E-04
     62              0.             0.             0.             0.      0.2219344E-05       0.2219344E-05
     63              0.             0.             0.             0.      0.2135961E-05       0.2135961E-05
     64              0.             0.             0.             0.      0.9250327E-05       0.9250327E-05
     65              0.             0.             0.      0.4182578             0.           0.4182578    
     66              0.             0.             0.      0.1148920E-02         0.           0.1148920E-02

   COL SUM           0.             0.             0.      0.4194874      0.1177107E-01       0.4312585    


 ENERGY DEPOSITION SUMMARY FOR PARTICLES WITH IQ= 1
                                                       IARG
                   0               1             2              3              4                ROW SUM
   REGION

      1              0.             0.             0.             0.             0.                  0.    
      2              0.             0.             0.             0.             0.                  0.    
      3              0.             0.             0.             0.             0.                  0.    
      4              0.             0.             0.             0.             0.                  0.    
      5              0.             0.             0.             0.             0.                  0.    
      6              0.             0.             0.             0.             0.                  0.    
      7              0.             0.             0.             0.             0.                  0.    
      8              0.             0.             0.             0.             0.                  0.    
      9              0.             0.             0.             0.             0.                  0.    
     10              0.             0.             0.             0.             0.                  0.    
     11              0.             0.             0.             0.             0.                  0.    
     12              0.             0.             0.             0.             0.                  0.    
     13              0.             0.             0.             0.             0.                  0.    
     14              0.             0.             0.             0.             0.                  0.    
     15              0.             0.             0.             0.             0.                  0.    
     16              0.             0.             0.             0.             0.                  0.    
     17              0.             0.             0.             0.             0.                  0.    
     18              0.             0.             0.             0.             0.                  0.    
     19              0.             0.             0.             0.             0.                  0.    
     20              0.             0.             0.             0.             0.                  0.    
     21              0.             0.             0.             0.             0.                  0.    
     22       0.6234687E-04         0.      0.1890977E-04         0.             0.           0.8125665E-04
     23              0.             0.             0.             0.             0.                  0.    
     24              0.             0.             0.             0.             0.                  0.    
     25              0.             0.             0.             0.             0.                  0.    
     26              0.             0.             0.             0.             0.                  0.    
     27              0.             0.             0.             0.             0.                  0.    
     28              0.             0.             0.             0.             0.                  0.    
     29              0.             0.             0.             0.             0.                  0.    
     30              0.             0.             0.             0.             0.                  0.    
     31              0.             0.             0.             0.             0.                  0.    
     32              0.             0.             0.             0.             0.                  0.    
     33              0.             0.             0.             0.             0.                  0.    
     34              0.             0.             0.             0.             0.                  0.    
     35              0.             0.             0.             0.             0.                  0.    
     36              0.             0.             0.             0.             0.                  0.    
     37       0.1873528E-03         0.      0.1890977E-04         0.             0.           0.2062626E-03
     38              0.             0.             0.             0.             0.                  0.    
     39       0.2748819E-03         0.      0.5672932E-04         0.             0.           0.3316112E-03
     40              0.             0.             0.             0.             0.                  0.    
     41              0.             0.             0.             0.             0.                  0.    
     42              0.             0.             0.             0.             0.                  0.    
     43              0.             0.             0.             0.             0.                  0.    
     44       0.3619515E-03         0.      0.3781955E-04         0.             0.           0.3997710E-03
     45              0.             0.             0.             0.             0.                  0.    
     46              0.             0.             0.             0.             0.                  0.    
     47       0.1126201             0.      0.3099816E-02         0.             0.           0.1157199    
     48              0.             0.             0.             0.             0.                  0.    
     49              0.             0.             0.             0.             0.                  0.    
     50              0.             0.             0.             0.             0.                  0.    
     51              0.             0.             0.             0.             0.                  0.    
     52              0.             0.             0.             0.             0.                  0.    
     53              0.             0.             0.             0.             0.                  0.    
     54              0.             0.             0.             0.             0.                  0.    
     55              0.             0.             0.             0.             0.                  0.    
     56              0.             0.             0.             0.             0.                  0.    
     57              0.             0.             0.             0.             0.                  0.    
     58       0.5853296E-02         0.      0.2458270E-03         0.             0.           0.6099123E-02
     59       0.1098184E-02         0.      0.8607759E-04         0.             0.           0.1184261E-02
     60       0.1349359E-02         0.      0.5672932E-04         0.             0.           0.1406088E-02
     61       0.1263884E-03         0.      0.1890977E-04         0.             0.           0.1452982E-03
     62              0.             0.             0.             0.             0.                  0.    
     63              0.             0.             0.             0.             0.                  0.    
     64              0.             0.             0.             0.             0.                  0.    
     65              0.             0.             0.      0.3418854E-01         0.           0.3418854E-01
     66              0.             0.             0.             0.             0.                  0.    

   COL SUM    0.1219338             0.      0.3639728E-02  0.3418854E-01         0.           0.1597621    


 ENERGY DEPOSITION SUMMARY FOR ALL PARTICLES:
                                                       IARG
                   0               1             2              3              4                ROW SUM
   REGION

      1              0.             0.             0.      0.8070314E-04         0.           0.8070314E-04
      2              0.             0.             0.             0.             0.                  0.    
      3       0.1294246E-03         0.      0.1890977E-04         0.             0.           0.1483344E-03
      4              0.             0.             0.             0.             0.                  0.    
      5              0.             0.      0.1622170E-04         0.             0.           0.1622170E-04
      6              0.             0.             0.             0.             0.                  0.    
      7              0.             0.             0.             0.             0.                  0.    
      8              0.             0.      0.1427298E-04         0.      0.7115636E-06       0.1498454E-04
      9              0.             0.             0.             0.             0.                  0.    
     10              0.             0.             0.             0.             0.                  0.    
     11              0.             0.             0.             0.             0.                  0.    
     12              0.             0.      0.5292125E-04         0.      0.1423127E-05       0.5434438E-04
     13              0.             0.      0.6149216E-04         0.      0.1423127E-05       0.6291529E-04
     14       0.3989461E-04         0.      0.6161467E-04         0.      0.1423127E-05       0.1029324E-03
     15              0.             0.             0.             0.             0.                  0.    
     16              0.             0.      0.1584486E-04         0.             0.           0.1584486E-04
     17       0.2122734E-05         0.      0.1890977E-04         0.             0.           0.2103251E-04
     18              0.             0.      0.4028753E-04         0.      0.7115636E-06       0.4099910E-04
     19       0.1618835E-04         0.      0.3964908E-04         0.      0.1423127E-05       0.5726056E-04
     20              0.             0.             0.             0.             0.                  0.    
     21       0.1712208E-04         0.      0.6014272E-04         0.             0.           0.7726481E-04
     22       0.1412708E-03         0.      0.1267718E-03         0.      0.1423127E-05       0.2694657E-03
     23       0.2499386E-05         0.      0.5714811E-04         0.      0.7115636E-06       0.6035906E-04
     24       0.1005587E-04         0.      0.6957416E-04         0.      0.7962169E-06       0.8042624E-04
     25       0.2778753E-03         0.      0.1743248E-03         0.      0.3557818E-05       0.4557579E-03
     26       0.1325338E-03         0.      0.3248691E-04         0.             0.           0.1650207E-03
     27       0.1690501E-03         0.      0.1148445E-03         0.      0.2134691E-05       0.2860293E-03
     28       0.4844216E-04         0.      0.9488650E-04         0.      0.7115636E-06       0.1440402E-03
     29              0.             0.             0.             0.             0.                  0.    
     30       0.4694439E-03         0.      0.4417947E-03         0.      0.3186138E-05       0.9144247E-03
     31              0.             0.      0.5785675E-04         0.      0.2134691E-05       0.5999145E-04
     32              0.             0.             0.             0.             0.                  0.    
     33              0.             0.             0.             0.             0.                  0.    
     34              0.             0.             0.             0.             0.                  0.    
     35       0.8430403E-05         0.      0.8199591E-04         0.      0.1423127E-05       0.9184944E-04
     36       0.1073090E-03         0.      0.2921984E-03         0.      0.4341529E-05       0.4038489E-03
     37       0.6052209E-03         0.      0.4619577E-03         0.      0.4980945E-05       0.1072160E-02
     38              0.             0.             0.             0.             0.                  0.    
     39       0.2677560E-02         0.      0.2533266E-02         0.      0.3244490E-04       0.5243271E-02
     40              0.             0.             0.             0.             0.                  0.    
     41              0.             0.             0.             0.             0.                  0.    
     42              0.             0.             0.             0.             0.                  0.    
     43              0.             0.             0.             0.             0.                  0.    
     44       0.3920291E-03         0.      0.2022976E-03         0.      0.2930908E-05       0.5972576E-03
     45       0.7585934E-03         0.      0.6103777E-03         0.      0.7369596E-05       0.1376341E-02
     46       0.5073230E-03         0.      0.6102749E-03         0.      0.7911853E-05       0.1125510E-02
     47       0.3513927             0.      0.6119623E-01         0.      0.1138583E-01       0.4239747    
     48              0.             0.             0.             0.             0.                  0.    
     49              0.             0.             0.             0.             0.                  0.    
     50              0.             0.             0.             0.             0.                  0.    
     51              0.             0.             0.             0.             0.                  0.    
     52              0.             0.             0.             0.             0.                  0.    
     53       0.1225034E-03         0.      0.2043784E-03         0.      0.1507780E-05       0.3283896E-03
     54       0.4038191E-03         0.      0.2234709E-03         0.      0.4354035E-05       0.6316440E-03
     55       0.4594280E-03         0.      0.6167774E-03         0.      0.3642471E-05       0.1079848E-02
     56              0.             0.             0.             0.             0.                  0.    
     57              0.             0.             0.             0.             0.                  0.    
     58       0.3322244E-01         0.      0.1086606E-01         0.      0.1415908E-03       0.4423009E-01
     59       0.9522684E-02         0.      0.5983614E-02         0.      0.8595386E-04       0.1559225E-01
     60       0.4528090E-02         0.      0.2602129E-02         0.      0.3558072E-04       0.7165800E-02
     61       0.2415228E-02         0.      0.1274432E-02         0.      0.1582625E-04       0.3705486E-02
     62       0.2165816E-03         0.      0.2211554E-03         0.      0.2219344E-05       0.4399563E-03
     63       0.5325919E-03         0.      0.2410758E-03         0.      0.2135961E-05       0.7758036E-03
     64       0.1861193E-03         0.      0.4353865E-03         0.      0.9250327E-05       0.6307561E-03
     65              0.             0.             0.      0.4872577             0.           0.4872577    
     66              0.             0.             0.      0.1148920E-02         0.           0.1148920E-02

   COL SUM    0.4095145             0.      0.9022703E-01  0.4884874      0.1177107E-01        1.000000    


 TOTAL FRACTION=   1.000000         NOTE: THIS NUMBER SHOULD BE VERY CLOSE TO UNITY




 SUMMARY OF EVENT COUNT FOR PARTICLES WITH IQ=-1
                                                       IARG
                   0               1             2              3              4                ROW SUM
   REGION

      1                   0              0              0              0              0                   0
      2                  10              0              0              0              0                  10
      3                  81              0              1              0              0                  82
      4                   0              0              0              0              0                   0
      5                   0              0              6              0              0                   6
      6                   0              0              0              0              0                   0
      7                   0              0              0              0              0                   0
      8                   0              0              1              0              0                   1
      9                   0              0              0              0              0                   0
     10                   0              0              0              0              0                   0
     11                  10              0              0              0              0                  10
     12                   0              0             10              0              0                  10
     13                   0              0             10              0              0                  10
     14                  62              0              8              0              0                  70
     15                   0              0              0              0              0                   0
     16                   0              0              1              0              0                   1
     17                   5              0              1              0              0                   6
     18                   0              0              6              0              0                   6
     19                  28              0              3              0              0                  31
     20                  10              0              0              0              0                  10
     21                  32              0              4              0              0                  36
     22                  66              0             15              0              0                  81
     23                   6              0              9              0              0                  15
     24                  20              0              9              0              0                  29
     25                 112              0             21              0              0                 133
     26                  82              0              3              0              0                  85
     27                 163              0              9              0              0                 172
     28                  59              0             12              0              0                  71
     29                  11              0              0              0              0                  11
     30                 447              0             43              0              0                 490
     31                   0              0              6              0              0                   6
     32                   0              0              0              0              0                   0
     33                   0              0              0              0              0                   0
     34                   0              0              0              0              0                   0
     35                  16              0             15              0              0                  31
     36                 161              0             29              0              0                 190
     37                 377              0             40              0              0                 417
     38                  10              0              0              0              0                  10
     39                2003              0            272              0              0                2275
     40                   0              0              0              0              0                   0
     41                   0              0              0              0              0                   0
     42                   0              0              0              0              0                   0
     43                   0              0              0              0              0                   0
     44                  57              0             17              0              0                  74
     45                 633              0             59              0              0                 692
     46                 430              0             72              0              0                 502
     47              105699              0           5212              0              0              110911
     48                   2              0              0              0              0                   2
     49                   0              0              0              0              0                   0
     50                   0              0              0              0              0                   0
     51                   0              0              0              0              0                   0
     52                   0              0              0              0              0                   0
     53                 163              0             23              0              0                 186
     54                 284              0             26              0              0                 310
     55                 459              0             55              0              0                 514
     56                  32              0              0              0              0                  32
     57                  32              0              0              0              0                  32
     58               12888              0            993              0              0               13881
     59                5306              0            599              0              0                5905
     60                2468              0            267              0              0                2735
     61                1387              0            115              0              0                1502
     62                 271              0             17              0              0                 288
     63                 359              0             28              0              0                 387
     64                 194              0             53              0              0                 247
     65                   0              0              0             22              0                  22
     66                   0              0              0              0              0                   0

   COL SUM           134435              0           8070             22              0              142527


 SUMMARY OF EVENT COUNT FOR PARTICLES WITH IQ= 0
                                                       IARG
                   0               1             2              3              4                ROW SUM
   REGION

      1                   0              0              0              3              0                   3
      2                   0              0              0              0              0                   0
      3                   2              0              0              0              0                   2
      4                   1              0              0              0              0                   1
      5                   9              0              0              0              0                   9
      6                   0              0              0              0              0                   0
      7                   0              0              0              0              0                   0
      8                   1              0              0              0              1                   2
      9                   2              0              0              0              0                   2
     10                   1              0              0              0              0                   1
     11                   0              0              0              0              0                   0
     12                  12              0              0              0              2                  14
     13                  12              0              0              0              2                  14
     14                  11              0              0              0              2                  13
     15                   1              0              0              0              0                   1
     16                   2              0              0              0              0                   2
     17                   4              0              0              0              0                   4
     18                  10              0              0              0              1                  11
     19                   4              0              0              0              2                   6
     20                   0              0              0              0              0                   0
     21                   9              0              0              0              0                   9
     22                  19              0              0              0              2                  21
     23                  14              0              0              0              1                  15
     24                  12              0              0              0              2                  14
     25                  31              0              0              0              5                  36
     26                  11              0              0              0              0                  11
     27                  14              0              0              0              3                  17
     28                  17              0              0              0              1                  18
     29                   4              0              0              0              0                   4
     30                  55              0              0              0              9                  64
     31                  15              0              0              0              3                  18
     32                  20              0              0              0              0                  20
     33                  30              0              0              0              0                  30
     34                  34              0              0              0              0                  34
     35                  36              0              0              0              2                  38
     36                  42              0              0              0              7                  49
     37                  49              0              0              0              7                  56
     38                  21              0              0              0              0                  21
     39                 332              0              0              0             51                 383
     40                  46              0              0              0              0                  46
     41                  48              0              0              0              0                  48
     42                  51              0              0              0              0                  51
     43                  43              0              0              0              0                  43
     44                  56              0              0              0              5                  61
     45                  82              0              0              0             13                  95
     46                  92              0              0              0             12                 104
     47                5298              0              0              0           3084                8382
     48                 338              0              0              0              0                 338
     49                  86              0              0              0              0                  86
     50                  75              0              0              0              0                  75
     51                  61              0              0              0              0                  61
     52                  48              0              0              0              0                  48
     53                  60              0              0              0              3                  63
     54                  55              0              0              0              7                  62
     55                  75              0              0              0              6                  81
     56                 664              0              0              0              0                 664
     57                 824              0              0              0              0                 824
     58                1273              0              0              0            215                1488
     59                 731              0              0              0            128                 859
     60                 334              0              0              0             52                 386
     61                 141              0              0              0             26                 167
     62                  38              0              0              0              4                  42
     63                  44              0              0              0              4                  48
     64                  55              0              0              0             13                  68
     65                   0              0              0            570              0                 570
     66                   0              0              0              8              0                   8

   COL SUM            11455              0              0            581           3675               15711


 SUMMARY OF EVENT COUNT FOR PARTICLES WITH IQ= 1
                                                       IARG
                   0               1             2              3              4                ROW SUM
   REGION

      1                   0              0              0              0              0                   0
      2                   0              0              0              0              0                   0
      3                   0              0              0              0              0                   0
      4                   0              0              0              0              0                   0
      5                   0              0              0              0              0                   0
      6                   0              0              0              0              0                   0
      7                   0              0              0              0              0                   0
      8                   0              0              0              0              0                   0
      9                   0              0              0              0              0                   0
     10                   0              0              0              0              0                   0
     11                   0              0              0              0              0                   0
     12                   0              0              0              0              0                   0
     13                   0              0              0              0              0                   0
     14                   0              0              0              0              0                   0
     15                   0              0              0              0              0                   0
     16                   0              0              0              0              0                   0
     17                   0              0              0              0              0                   0
     18                   0              0              0              0              0                   0
     19                   0              0              0              0              0                   0
     20                   0              0              0              0              0                   0
     21                   0              0              0              0              0                   0
     22                  60              0              1              0              0                  61
     23                   0              0              0              0              0                   0
     24                   0              0              0              0              0                   0
     25                   0              0              0              0              0                   0
     26                   0              0              0              0              0                   0
     27                   0              0              0              0              0                   0
     28                   0              0              0              0              0                   0
     29                   0              0              0              0              0                   0
     30                   0              0              0              0              0                   0
     31                   0              0              0              0              0                   0
     32                   0              0              0              0              0                   0
     33                   0              0              0              0              0                   0
     34                   0              0              0              0              0                   0
     35                   0              0              0              0              0                   0
     36                   0              0              0              0              0                   0
     37                  95              0              1              0              0                  96
     38                   0              0              0              0              0                   0
     39                 165              0              3              0              0                 168
     40                   0              0              0              0              0                   0
     41                   1              0              0              0              0                   1
     42                   1              0              0              0              0                   1
     43                   2              0              0              0              0                   2
     44                 189              0              2              0              0                 191
     45                   0              0              0              0              0                   0
     46                   0              0              0              0              0                   0
     47               21408              0            168              0              0               21576
     48                   2              0              0              0              0                   2
     49                   1              0              0              0              0                   1
     50                   1              0              0              0              0                   1
     51                   0              0              0              0              0                   0
     52                   1              0              0              0              0                   1
     53                   0              0              0              0              0                   0
     54                   0              0              0              0              0                   0
     55                   0              0              0              0              0                   0
     56                  27              0              0              0              0                  27
     57                  26              0              0              0              0                  26
     58                1326              0             13              0              0                1339
     59                 380              0              5              0              0                 385
     60                 353              0              3              0              0                 356
     61                  58              0              1              0              0                  59
     62                   0              0              0              0              0                   0
     63                   0              0              0              0              0                   0
     64                   0              0              0              0              0                   0
     65                   0              0              0             19              0                  19
     66                   0              0              0              0              0                   0

   COL SUM            24096              0            197             19              0               24312


 SUMMARY OF EVENT COUNT FOR ALL PARTICLES:
                                                       IARG
                   0               1             2              3              4                ROW SUM
   REGION

      1                   0              0              0              3              0                   3
      2                  10              0              0              0              0                  10
      3                  83              0              1              0              0                  84
      4                   1              0              0              0              0                   1
      5                   9              0              6              0              0                  15
      6                   0              0              0              0              0                   0
      7                   0              0              0              0              0                   0
      8                   1              0              1              0              1                   3
      9                   2              0              0              0              0                   2
     10                   1              0              0              0              0                   1
     11                  10              0              0              0              0                  10
     12                  12              0             10              0              2                  24
     13                  12              0             10              0              2                  24
     14                  73              0              8              0              2                  83
     15                   1              0              0              0              0                   1
     16                   2              0              1              0              0                   3
     17                   9              0              1              0              0                  10
     18                  10              0              6              0              1                  17
     19                  32              0              3              0              2                  37
     20                  10              0              0              0              0                  10
     21                  41              0              4              0              0                  45
     22                 145              0             16              0              2                 163
     23                  20              0              9              0              1                  30
     24                  32              0              9              0              2                  43
     25                 143              0             21              0              5                 169
     26                  93              0              3              0              0                  96
     27                 177              0              9              0              3                 189
     28                  76              0             12              0              1                  89
     29                  15              0              0              0              0                  15
     30                 502              0             43              0              9                 554
     31                  15              0              6              0              3                  24
     32                  20              0              0              0              0                  20
     33                  30              0              0              0              0                  30
     34                  34              0              0              0              0                  34
     35                  52              0             15              0              2                  69
     36                 203              0             29              0              7                 239
     37                 521              0             41              0              7                 569
     38                  31              0              0              0              0                  31
     39                2500              0            275              0             51                2826
     40                  46              0              0              0              0                  46
     41                  49              0              0              0              0                  49
     42                  52              0              0              0              0                  52
     43                  45              0              0              0              0                  45
     44                 302              0             19              0              5                 326
     45                 715              0             59              0             13                 787
     46                 522              0             72              0             12                 606
     47              132405              0           5380              0           3084              140869
     48                 342              0              0              0              0                 342
     49                  87              0              0              0              0                  87
     50                  76              0              0              0              0                  76
     51                  61              0              0              0              0                  61
     52                  49              0              0              0              0                  49
     53                 223              0             23              0              3                 249
     54                 339              0             26              0              7                 372
     55                 534              0             55              0              6                 595
     56                 723              0              0              0              0                 723
     57                 882              0              0              0              0                 882
     58               15487              0           1006              0            215               16708
     59                6417              0            604              0            128                7149
     60                3155              0            270              0             52                3477
     61                1586              0            116              0             26                1728
     62                 309              0             17              0              4                 330
     63                 403              0             28              0              4                 435
     64                 249              0             53              0             13                 315
     65                   0              0              0            611              0                 611
     66                   0              0              0              8              0                   8

   COL SUM           169986              0           8267            622           3675              182550


 TOTAL NUMBER OF EVENTS=         182550
